<?xml version="1.0" encoding="UTF-8"?>
<testng-results skipped="0" failed="0" ignored="0" total="2" passed="2">
  <reporter-output>
  </reporter-output>
  <suite name="Default suite" duration-ms="416976" started-at="2020-04-15T10:36:01Z" finished-at="2020-04-15T10:42:58Z">
    <groups>
    </groups>
    <test name="Default test" duration-ms="416976" started-at="2020-04-15T10:36:01Z" finished-at="2020-04-15T10:42:58Z">
      <class name="com.qa.lms.tests.CoursePageTests">
        <test-method status="PASS" signature="setUp()[pri:0, instance:com.qa.lms.tests.CoursePageTests@6ab7a896]" name="setUp" is-config="true" duration-ms="10649" started-at="2020-04-15T10:36:01Z" finished-at="2020-04-15T10:36:11Z">
          <reporter-output>
          </reporter-output>
        </test-method> <!-- setUp -->
        <test-method status="PASS" signature="create_AICC_Course_and_take_as_a_learner()[pri:0, instance:com.qa.lms.tests.CoursePageTests@6ab7a896]" name="create_AICC_Course_and_take_as_a_learner" duration-ms="396083" started-at="2020-04-15T10:36:11Z" finished-at="2020-04-15T10:42:47Z">
          <reporter-output>
          </reporter-output>
        </test-method> <!-- create_AICC_Course_and_take_as_a_learner -->
        <test-method status="PASS" signature="LogResults(org.testng.ITestResult)[pri:0, instance:com.qa.lms.tests.CoursePageTests@6ab7a896]" name="LogResults" is-config="true" duration-ms="656" started-at="2020-04-15T10:42:47Z" finished-at="2020-04-15T10:42:48Z">
          <params>
            <param index="0">
              <value>
                <![CDATA[[TestResult name=create_AICC_Course_and_take_as_a_learner status=SUCCESS method=CoursePageTests.create_AICC_Course_and_take_as_a_learner()[pri:0, instance:com.qa.lms.tests.CoursePageTests@6ab7a896] output={null}]]]>
              </value>
            </param>
          </params>
          <reporter-output>
          </reporter-output>
        </test-method> <!-- LogResults -->
        <test-method status="PASS" signature="setUp()[pri:0, instance:com.qa.lms.tests.CoursePageTests@6ab7a896]" name="setUp" is-config="true" duration-ms="9396" started-at="2020-04-15T10:42:48Z" finished-at="2020-04-15T10:42:57Z">
          <reporter-output>
          </reporter-output>
        </test-method> <!-- setUp -->
        <test-method status="PASS" signature="f()[pri:0, instance:com.qa.lms.tests.CoursePageTests@6ab7a896]" name="f" duration-ms="1" started-at="2020-04-15T10:42:57Z" finished-at="2020-04-15T10:42:57Z">
          <reporter-output>
          </reporter-output>
        </test-method> <!-- f -->
        <test-method status="PASS" signature="LogResults(org.testng.ITestResult)[pri:0, instance:com.qa.lms.tests.CoursePageTests@6ab7a896]" name="LogResults" is-config="true" duration-ms="142" started-at="2020-04-15T10:42:57Z" finished-at="2020-04-15T10:42:58Z">
          <params>
            <param index="0">
              <value>
                <![CDATA[[TestResult name=f status=SUCCESS method=CoursePageTests.f()[pri:0, instance:com.qa.lms.tests.CoursePageTests@6ab7a896] output={null}]]]>
              </value>
            </param>
          </params>
          <reporter-output>
          </reporter-output>
        </test-method> <!-- LogResults -->
      </class> <!-- com.qa.lms.tests.CoursePageTests -->
    </test> <!-- Default test -->
  </suite> <!-- Default suite -->
</testng-results>
